{"level":"error","message":"Signup error Cannot destructure property 'name' of 'validationResult.name' as it is undefined.","service":"acquisitions-api","stack":"TypeError: Cannot destructure property 'name' of 'validationResult.name' as it is undefined.\n    at signup (file:///Users/franogugic/Desktop/20%20Backend%20Projects/devops_js_API/src/controllers/auth.controller.js:14:16)\n    at Layer.handleRequest (/Users/franogugic/Desktop/20 Backend Projects/devops_js_API/node_modules/router/lib/layer.js:152:17)\n    at next (/Users/franogugic/Desktop/20 Backend Projects/devops_js_API/node_modules/router/lib/route.js:157:13)\n    at Route.dispatch (/Users/franogugic/Desktop/20 Backend Projects/devops_js_API/node_modules/router/lib/route.js:117:3)\n    at handle (/Users/franogugic/Desktop/20 Backend Projects/devops_js_API/node_modules/router/index.js:435:11)\n    at Layer.handleRequest (/Users/franogugic/Desktop/20 Backend Projects/devops_js_API/node_modules/router/lib/layer.js:152:17)\n    at /Users/franogugic/Desktop/20 Backend Projects/devops_js_API/node_modules/router/index.js:295:15\n    at processParams (/Users/franogugic/Desktop/20 Backend Projects/devops_js_API/node_modules/router/index.js:582:12)\n    at next (/Users/franogugic/Desktop/20 Backend Projects/devops_js_API/node_modules/router/index.js:291:5)\n    at router.handle (/Users/franogugic/Desktop/20 Backend Projects/devops_js_API/node_modules/router/index.js:186:3)"}
{"level":"error","message":"Error hashing password: Error: data and salt arguments required","service":"acquisitions-api"}
{"level":"error","message":"Error creating the user: Error: Error hashing","service":"acquisitions-api"}
{"level":"error","message":"Signup error Error creating user","service":"acquisitions-api","stack":"Error: Error creating user\n    at createUser (file:///Users/franogugic/Desktop/20%20Backend%20Projects/devops_js_API/src/services/auth.service.js:32:15)\n    at process.processTicksAndRejections (node:internal/process/task_queues:105:5)\n    at async signup (file:///Users/franogugic/Desktop/20%20Backend%20Projects/devops_js_API/src/controllers/auth.controller.js:19:22)"}
{"level":"error","message":"Error hashing password: Error: data and salt arguments required","service":"acquisitions-api"}
{"level":"error","message":"Error creating the user: Error: Error hashing","service":"acquisitions-api"}
{"level":"error","message":"Signup error Error creating user","service":"acquisitions-api","stack":"Error: Error creating user\n    at createUser (file:///Users/franogugic/Desktop/20%20Backend%20Projects/devops_js_API/src/services/auth.service.js:32:15)\n    at process.processTicksAndRejections (node:internal/process/task_queues:105:5)\n    at async signup (file:///Users/franogugic/Desktop/20%20Backend%20Projects/devops_js_API/src/controllers/auth.controller.js:19:22)"}
{"level":"error","message":"Error hashing password: Error: data and salt arguments required","service":"acquisitions-api"}
{"level":"error","message":"Error creating the user: Error: Error hashing","service":"acquisitions-api"}
{"level":"error","message":"Signup error Error creating user","service":"acquisitions-api","stack":"Error: Error creating user\n    at createUser (file:///Users/franogugic/Desktop/20%20Backend%20Projects/devops_js_API/src/services/auth.service.js:32:15)\n    at process.processTicksAndRejections (node:internal/process/task_queues:105:5)\n    at async signup (file:///Users/franogugic/Desktop/20%20Backend%20Projects/devops_js_API/src/controllers/auth.controller.js:19:22)"}
{"level":"error","message":"Error hashing password: Error: data and salt arguments required","service":"acquisitions-api"}
{"level":"error","message":"Error creating the user: Error: Error hashing","service":"acquisitions-api"}
{"level":"error","message":"Signup error Error creating user","service":"acquisitions-api","stack":"Error: Error creating user\n    at createUser (file:///Users/franogugic/Desktop/20%20Backend%20Projects/devops_js_API/src/services/auth.service.js:32:15)\n    at process.processTicksAndRejections (node:internal/process/task_queues:105:5)\n    at async signup (file:///Users/franogugic/Desktop/20%20Backend%20Projects/devops_js_API/src/controllers/auth.controller.js:19:22)"}
{"level":"error","message":"Error hashing password: Error: data and salt arguments required","service":"acquisitions-api"}
{"level":"error","message":"Error creating the user: Error: Error hashing","service":"acquisitions-api"}
{"level":"error","message":"Signup error Error creating user","service":"acquisitions-api","stack":"Error: Error creating user\n    at createUser (file:///Users/franogugic/Desktop/20%20Backend%20Projects/devops_js_API/src/services/auth.service.js:32:15)\n    at process.processTicksAndRejections (node:internal/process/task_queues:105:5)\n    at async signup (file:///Users/franogugic/Desktop/20%20Backend%20Projects/devops_js_API/src/controllers/auth.controller.js:19:22)"}
{"level":"error","message":"Error hashing password: Error: data and salt arguments required","service":"acquisitions-api"}
{"level":"error","message":"Error creating the user: Error: Error hashing","service":"acquisitions-api"}
{"level":"error","message":"Signup error Error creating user","service":"acquisitions-api","stack":"Error: Error creating user\n    at createUser (file:///Users/franogugic/Desktop/20%20Backend%20Projects/devops_js_API/src/services/auth.service.js:32:15)\n    at process.processTicksAndRejections (node:internal/process/task_queues:105:5)\n    at async signup (file:///Users/franogugic/Desktop/20%20Backend%20Projects/devops_js_API/src/controllers/auth.controller.js:19:22)"}
{"level":"error","message":"Error hashing password: Error: data and salt arguments required","service":"acquisitions-api"}
{"level":"error","message":"Error creating the user: Error: Error hashing","service":"acquisitions-api"}
{"level":"error","message":"Signup error Error creating user","service":"acquisitions-api","stack":"Error: Error creating user\n    at createUser (file:///Users/franogugic/Desktop/20%20Backend%20Projects/devops_js_API/src/services/auth.service.js:32:15)\n    at process.processTicksAndRejections (node:internal/process/task_queues:105:5)\n    at async signup (file:///Users/franogugic/Desktop/20%20Backend%20Projects/devops_js_API/src/controllers/auth.controller.js:19:22)"}
{"level":"error","message":"Error hashing password: Error: data and salt arguments required","service":"acquisitions-api"}
{"level":"error","message":"Error creating the user: Error: Error hashing","service":"acquisitions-api"}
{"level":"error","message":"Signup error Error creating user","service":"acquisitions-api","stack":"Error: Error creating user\n    at createUser (file:///Users/franogugic/Desktop/20%20Backend%20Projects/devops_js_API/src/services/auth.service.js:34:15)\n    at process.processTicksAndRejections (node:internal/process/task_queues:105:5)\n    at async signup (file:///Users/franogugic/Desktop/20%20Backend%20Projects/devops_js_API/src/controllers/auth.controller.js:19:22)"}
{"level":"error","message":"Error hashing password: Error: data and salt arguments required","service":"acquisitions-api"}
{"level":"error","message":"Error creating the user: Error: Error hashing","service":"acquisitions-api"}
{"level":"error","message":"Signup error Error creating user","service":"acquisitions-api","stack":"Error: Error creating user\n    at createUser (file:///Users/franogugic/Desktop/20%20Backend%20Projects/devops_js_API/src/services/auth.service.js:34:15)\n    at process.processTicksAndRejections (node:internal/process/task_queues:105:5)\n    at async signup (file:///Users/franogugic/Desktop/20%20Backend%20Projects/devops_js_API/src/controllers/auth.controller.js:19:22)"}
{"level":"error","message":"Error hashing password: Error: data and salt arguments required","service":"acquisitions-api"}
{"level":"error","message":"Error creating the user: Error: Error hashing","service":"acquisitions-api"}
{"level":"error","message":"Signup error Error creating user","service":"acquisitions-api","stack":"Error: Error creating user\n    at createUser (file:///Users/franogugic/Desktop/20%20Backend%20Projects/devops_js_API/src/services/auth.service.js:34:15)\n    at process.processTicksAndRejections (node:internal/process/task_queues:105:5)\n    at async signup (file:///Users/franogugic/Desktop/20%20Backend%20Projects/devops_js_API/src/controllers/auth.controller.js:19:22)"}
{"level":"error","message":"Error hashing password: Error: data and salt arguments required","service":"acquisitions-api"}
{"level":"error","message":"Error creating the user: Error: Error hashing","service":"acquisitions-api"}
{"level":"error","message":"Signup error Error creating user","service":"acquisitions-api","stack":"Error: Error creating user\n    at createUser (file:///Users/franogugic/Desktop/20%20Backend%20Projects/devops_js_API/src/services/auth.service.js:34:15)\n    at process.processTicksAndRejections (node:internal/process/task_queues:105:5)\n    at async signup (file:///Users/franogugic/Desktop/20%20Backend%20Projects/devops_js_API/src/controllers/auth.controller.js:19:22)"}
{"level":"error","message":"Error hashing password: Error: data and salt arguments required","service":"acquisitions-api"}
{"level":"error","message":"Error creating the user: Error: Error hashing","service":"acquisitions-api"}
{"level":"error","message":"Signup error Error creating user","service":"acquisitions-api","stack":"Error: Error creating user\n    at createUser (file:///Users/franogugic/Desktop/20%20Backend%20Projects/devops_js_API/src/services/auth.service.js:34:15)\n    at process.processTicksAndRejections (node:internal/process/task_queues:105:5)\n    at async signup (file:///Users/franogugic/Desktop/20%20Backend%20Projects/devops_js_API/src/controllers/auth.controller.js:19:22)"}
{"level":"error","message":"Signup error res.cookies is not a function","service":"acquisitions-api","stack":"TypeError: res.cookies is not a function\n    at Object.set (file:///Users/franogugic/Desktop/20%20Backend%20Projects/devops_js_API/src/utils/cookies.js:10:13)\n    at signup (file:///Users/franogugic/Desktop/20%20Backend%20Projects/devops_js_API/src/controllers/auth.controller.js:23:17)\n    at process.processTicksAndRejections (node:internal/process/task_queues:105:5)"}
{"level":"error","message":"Error creating the user: Error: User already exists","service":"acquisitions-api"}
{"level":"error","message":"Signup error Error creating user","service":"acquisitions-api","stack":"Error: Error creating user\n    at createUser (file:///Users/franogugic/Desktop/20%20Backend%20Projects/devops_js_API/src/services/auth.service.js:34:15)\n    at process.processTicksAndRejections (node:internal/process/task_queues:105:5)\n    at async signup (file:///Users/franogugic/Desktop/20%20Backend%20Projects/devops_js_API/src/controllers/auth.controller.js:19:22)"}
{"level":"error","message":"Error creating the user: Error: User already exists","service":"acquisitions-api"}
{"level":"error","message":"Signup error Error creating user","service":"acquisitions-api","stack":"Error: Error creating user\n    at createUser (file:///Users/franogugic/Desktop/20%20Backend%20Projects/devops_js_API/src/services/auth.service.js:34:15)\n    at process.processTicksAndRejections (node:internal/process/task_queues:105:5)\n    at async signup (file:///Users/franogugic/Desktop/20%20Backend%20Projects/devops_js_API/src/controllers/auth.controller.js:19:22)"}
{"level":"error","message":"Error creating the user: Error: User already exists","service":"acquisitions-api"}
{"level":"error","message":"Signup error Error creating user","service":"acquisitions-api","stack":"Error: Error creating user\n    at createUser (file:///app/src/services/auth.service.js:65:11)\n    at process.processTicksAndRejections (node:internal/process/task_queues:95:5)\n    at async signup (file:///app/src/controllers/auth.controller.js:19:18)"}
